[http-nio-8089-exec-3] INFO  com.B.week12.MVC.controller.AccountController  - dashboard started.
[http-nio-8089-exec-3] INFO  com.B.week12.MVC.controller.AccountController  - Fetching Account Details in account controller and viewing:checking
[http-nio-8089-exec-8] INFO  com.B.week12.MVC.controller.AccountController  - Fetching Account Details in account controller and viewing:checking
[http-nio-8089-exec-1] INFO  com.B.week12.MVC.controller.AccountController  - Fetching Account Details in account controller and viewing:checking
[http-nio-8089-exec-2] INFO  com.B.week12.MVC.controller.AccountController  - Fetching Account Details in account controller and viewing:checking
[http-nio-8089-exec-3] INFO  com.B.week12.MVC.controller.AccountController  - Fetching Account Details in account controller and viewing:checking
[http-nio-8089-exec-4] INFO  com.B.week12.MVC.controller.AccountController  - Fetching Account Details in account controller and viewing:checking
[http-nio-8089-exec-8] INFO  com.B.week12.MVC.controller.AccountController  - Fetching Account Details in account controller and viewing:checking
[http-nio-8089-exec-9] INFO  com.B.week12.MVC.controller.AccountController  - Fetching Account Details in account controller and viewing:checking
[http-nio-8089-exec-10] INFO  com.B.week12.MVC.controller.AccountController  - Fetching Account Details in account controller and viewing:checking
[http-nio-8089-exec-1] INFO  com.B.week12.MVC.controller.AccountController  - Fetching Account Details in account controller and viewing:checking
[http-nio-8089-exec-2] INFO  com.B.week12.MVC.controller.AccountController  - Fetching Account Details in account controller and viewing:checking
[http-nio-8089-exec-6] INFO  com.B.week12.MVC.controller.AccountController  - Fetching Account Details in account controller and viewing:checking
[http-nio-8089-exec-1] INFO  com.B.week12.MVC.controller.AccountController  - Fetching Account Details in account controller and viewing:checking
[http-nio-8089-exec-3] INFO  com.B.week12.MVC.controller.AccountController  - Fetching Account Details in account controller and viewing:checking
[http-nio-8089-exec-5] INFO  com.B.week12.MVC.controller.AccountController  - Fetching Account Details in account controller and viewing:checking
[http-nio-8089-exec-7] INFO  com.B.week12.MVC.controller.AccountController  - Fetching Account Details in account controller and viewing:checking
[http-nio-8089-exec-9] INFO  com.B.week12.MVC.controller.AccountController  - Fetching Account Details in account controller and viewing:checking
[http-nio-8089-exec-4] INFO  com.B.week12.MVC.controller.AccountController  - Fetching Account Details in account controller and viewing:checking
[http-nio-8089-exec-6] INFO  com.B.week12.MVC.controller.AccountController  - Fetching Account Details in account controller and viewing:checking
[http-nio-8089-exec-8] INFO  com.B.week12.MVC.controller.AccountController  - Fetching Account Details in account controller and viewing:checking
[http-nio-8089-exec-3] INFO  com.B.week12.MVC.controller.AccountController  - Fetching Account Details in account controller and viewing:checking
[http-nio-8089-exec-10] INFO  com.B.week12.MVC.controller.AccountController  - Fetching Account Details in account controller and viewing:checking
[http-nio-8089-exec-10] INFO  com.B.week12.MVC.controller.AccountController  - account:Account [accountId=1234567, accountStatus=active, accountType=checking, currentBalance=0.0, user=null]
[http-nio-8089-exec-6] INFO  com.B.week12.MVC.controller.AccountController  - Fetching Account Details in account controller and viewing:checking
[http-nio-8089-exec-5] INFO  com.B.week12.MVC.controller.AccountController  - Fetching Account Details in account controller and viewing:checking
[http-nio-8089-exec-8] INFO  com.B.week12.MVC.controller.AccountController  - Fetching Account Details in account controller and viewing:checking
[http-nio-8089-exec-8] INFO  com.B.week12.MVC.controller.AccountController  - account:Account [accountId=1234567, accountStatus=active, accountType=checking, currentBalance=0.0, user=null]
[http-nio-8089-exec-8] INFO  com.B.week12.MVC.controller.AccountController  - transaction:Transaction [transactionId=1, fromAccount=Account [accountId=1234567, accountStatus=active, accountType=checking, currentBalance=0.0, user=null], toAccount=Account [accountId=1, accountStatus=null, accountType=null, currentBalance=0.0, user=null], transactionType=withdraw, transactionAmount=1000.0, comment=1000, transactionDate=2021-10-10]
[http-nio-8089-exec-6] INFO  com.B.week12.MVC.controller.AccountController  - Fetching Account Details in account controller and viewing:checking
[http-nio-8089-exec-6] INFO  com.B.week12.MVC.controller.AccountController  - account:Account [accountId=1234567, accountStatus=active, accountType=checking, currentBalance=0.0, user=null]
[http-nio-8089-exec-6] INFO  com.B.week12.MVC.controller.AccountController  - transaction:Transaction [transactionId=1, fromAccount=Account [accountId=1234567, accountStatus=active, accountType=checking, currentBalance=0.0, user=null], toAccount=Account [accountId=1, accountStatus=null, accountType=null, currentBalance=0.0, user=null], transactionType=withdraw, transactionAmount=1000.0, comment=1000, transactionDate=2021-10-10]
[http-nio-8089-exec-10] INFO  com.B.week12.MVC.controller.AccountController  - Fetching Account Details in account controller and viewing:checking
[http-nio-8089-exec-10] INFO  com.B.week12.MVC.controller.AccountController  - account:Account [accountId=1234567, accountStatus=active, accountType=checking, currentBalance=0.0, user=null]
[http-nio-8089-exec-10] INFO  com.B.week12.MVC.controller.AccountController  - transaction:Transaction [transactionId=1, fromAccount=Account [accountId=1234567, accountStatus=active, accountType=checking, currentBalance=0.0, user=null], toAccount=Account [accountId=1, accountStatus=null, accountType=null, currentBalance=0.0, user=null], transactionType=withdraw, transactionAmount=1000.0, comment=1000, transactionDate=2021-10-10]
[http-nio-8089-exec-7] INFO  com.B.week12.MVC.controller.AccountController  - Fetching Account Details in account controller and viewing:checking
[http-nio-8089-exec-7] INFO  com.B.week12.MVC.controller.AccountController  - account:Account [accountId=1234567, accountStatus=active, accountType=checking, currentBalance=0.0, user=null]
[http-nio-8089-exec-7] INFO  com.B.week12.MVC.controller.AccountController  - transaction:Transaction [transactionId=1, fromAccount=Account [accountId=1234567, accountStatus=active, accountType=checking, currentBalance=0.0, user=null], toAccount=Account [accountId=1, accountStatus=null, accountType=null, currentBalance=0.0, user=null], transactionType=withdraw, transactionAmount=1000.0, comment=1000, transactionDate=2021-10-10]
[http-nio-8089-exec-1] INFO  com.B.week12.MVC.controller.AccountController  - Fetching Account Details in account controller and viewing:checking
[http-nio-8089-exec-1] INFO  com.B.week12.MVC.controller.AccountController  - account:Account [accountId=1234567, accountStatus=active, accountType=checking, currentBalance=0.0, user=null]
[http-nio-8089-exec-1] INFO  com.B.week12.MVC.controller.AccountController  - transaction:Transaction [transactionId=1, fromAccount=Account [accountId=1234567, accountStatus=active, accountType=checking, currentBalance=0.0, user=null], toAccount=Account [accountId=1, accountStatus=null, accountType=null, currentBalance=0.0, user=null], transactionType=withdraw, transactionAmount=1000.0, comment=1000, transactionDate=2021-10-10]
[http-nio-8089-exec-5] INFO  com.B.week12.MVC.controller.AccountController  - Fetching Account Details in account controller and viewing:checking
[http-nio-8089-exec-5] INFO  com.B.week12.MVC.controller.AccountController  - account:Account [accountId=1234567, accountStatus=active, accountType=checking, currentBalance=0.0, user=null]
[http-nio-8089-exec-5] INFO  com.B.week12.MVC.controller.AccountController  - transaction:Transaction [transactionId=1, fromAccount=Account [accountId=1234567, accountStatus=active, accountType=checking, currentBalance=0.0, user=null], toAccount=Account [accountId=1, accountStatus=null, accountType=null, currentBalance=0.0, user=null], transactionType=withdraw, transactionAmount=1000.0, comment=1000, transactionDate=2021-10-10]
[http-nio-8089-exec-6] INFO  com.B.week12.MVC.controller.AccountController  - Fetching Account Details in account controller and viewing:checking
[http-nio-8089-exec-6] INFO  com.B.week12.MVC.controller.AccountController  - account:Account [accountId=1234567, accountStatus=active, accountType=checking, currentBalance=0.0, user=null]
[http-nio-8089-exec-6] INFO  com.B.week12.MVC.controller.AccountController  - transaction:Transaction [transactionId=1, fromAccount=Account [accountId=1234567, accountStatus=active, accountType=checking, currentBalance=0.0, user=null], toAccount=Account [accountId=1, accountStatus=null, accountType=null, currentBalance=0.0, user=null], transactionType=withdraw, transactionAmount=1000.0, comment=1000, transactionDate=2021-10-10]
[http-nio-8089-exec-1] INFO  com.B.week12.MVC.controller.AccountController  - Fetching Account Details in account controller and viewing:checking
[http-nio-8089-exec-9] INFO  com.B.week12.MVC.controller.AccountController  - Fetching Account Details in account controller and viewing:checking
[http-nio-8089-exec-9] INFO  com.B.week12.MVC.controller.AccountController  - account:Account [accountId=1234567, accountStatus=active, accountType=checking, currentBalance=0.0, user=null]
[http-nio-8089-exec-9] INFO  com.B.week12.MVC.controller.AccountController  - transaction:Transaction [transactionId=1, fromAccount=Account [accountId=1234567, accountStatus=active, accountType=checking, currentBalance=0.0, user=null], toAccount=Account [accountId=1, accountStatus=null, accountType=null, currentBalance=0.0, user=null], transactionType=withdraw, transactionAmount=1000.0, comments=1000, transactionDate=2021-10-10]
[http-nio-8089-exec-11] INFO  com.B.week12.MVC.controller.AccountController  - Fetching Account Details in account controller and viewing:logout
[http-nio-8089-exec-11] INFO  com.B.week12.MVC.controller.AccountController  - Fetching Account Details in account controller and viewing:checking
[http-nio-8089-exec-15] INFO  com.B.week12.MVC.controller.AccountController  - Fetching Account Details in account controller and viewing:checking
[http-nio-8089-exec-15] INFO  com.B.week12.MVC.controller.AccountController  - account:Account [accountId=1234567, accountStatus=active, accountType=checking, currentBalance=0.0, user=null]
[http-nio-8089-exec-15] INFO  com.B.week12.MVC.controller.AccountController  - transaction:Transaction [transactionId=1, fromAccount=Account [accountId=1234567, accountStatus=active, accountType=checking, currentBalance=0.0, user=null], toAccount=Account [accountId=1, accountStatus=null, accountType=null, currentBalance=0.0, user=null], transactionType=withdraw, transactionAmount=1000.0, comments=1000, transactionDate=2021-10-10]
[http-nio-8089-exec-4] INFO  com.B.week12.MVC.controller.AccountController  - Fetching Account Details in account controller and viewing:checking
[http-nio-8089-exec-4] INFO  com.B.week12.MVC.controller.AccountController  - account:Account [accountId=1234567, accountStatus=active, accountType=checking, currentBalance=0.0, user=null]
[http-nio-8089-exec-4] INFO  com.B.week12.MVC.controller.AccountController  - transaction:Transaction [transactionId=1, fromAccount=Account [accountId=1234567, accountStatus=active, accountType=checking, currentBalance=0.0, user=null], toAccount=Account [accountId=1, accountStatus=null, accountType=null, currentBalance=0.0, user=null], transactionType=withdraw, transactionAmount=1000.0, comments=1000, transactionDate=2021-10-10]
